what happened , senators , last Tuesday honourable place ? 
a selection committee was achievement . 
yesterday I attended the meeting of the first to committee . 
i know that the committee and what it is expected to rise to the Senate that independent too . 
i am not so that concern for the time . 
the selection committee can show some impact . 
in the next two years in the business that undertaking a senator . 
it is important to a committee , which is actually , because some of these new Senate committee sit in principle senators , . 
i was introduced in the Senate is one of my new to see that the last sitting of the committee to attend . 
it was sent a replacement . 
honourable senators one name , I do . 
it is nice , that you do not see that I am ? 
research senators who will have to find in their own was the fault . 
one must accept it , do the job when a . 
the women who have proven sitting in the Senate . 
the majority of the Senate that they have to be the best men remplissaient the . 
i remember that in the February the veterans of 1998 to the committee to hold the held . 
the time or sitting in this House Ni that the Senate is . 
after all three of the proceedings of the Senate committee , to the Liberals have women . 
the leadership of the Senate committee could not find the to a man . 
i would say that you have to put the question , I could answer , to use the word senator Carstairs took hon. . 
i asked him Quels were the criteria are as follows : " ? " 
it was the first report of the said in the representation that women to address it a . 
it was written on that the parliamentary associations in 1993 . 
at the time of men were only formées Les delegations . 
i have been replaced by respect for a number of years in the Senate on this Finestone , . 
however , I will look forward to enter the preferred my association . 
i do not know how to when the decision or two , these honourable House senators reports will be . 
the verdict is that each senators on television . 
by a group of students , or to journalists wondered or other . 
let us say that ? 
it is true , and I will believe . 
however , in fact it should be translated . 
i do not think the option to . 
in the Senate committee meetings , or if it should be involved in a position to set a all agree . 
we said we are not in which the corridors of members : 
" and " you vote today in the committee , there is going to a committee to study Présentez final after two years , . 
what is the same as they came to power , they will not stand to know their they stand considers . 
they do not know what happened no . 
" and " our commitment to the speech , the words " honourable way senators are continuité in " . 
the situation in the coming weeks of the Senate in the way we will look at the beginning to address both independent , . 
if Parliament , that we are not interested in the international committee of my own business créerai I do not . 
we try to no one can . 
the Honour the Speaker : 
does the hon. to adopt the motion , is it the pleasure to rise , if you want honourable senator , no Senate other ? 
some hon. members : 
in agreement . 
( motions deemed adopted , the report and agreed to ) 
